0 info it worked if it ends with ok
1 verbose cli [ '/Users/ryanleon/.nvm/versions/node/v6.10.2/bin/node',
1 verbose cli   '/Users/ryanleon/.nvm/versions/node/v6.10.2/bin/npm',
1 verbose cli   'run',
1 verbose cli   'ios' ]
2 info using npm@6.0.0
3 info using node@v6.10.2
4 verbose run-script [ 'preios', 'ios', 'postios' ]
5 info lifecycle gear-App@0.1.0~preios: gear-App@0.1.0
6 info lifecycle gear-App@0.1.0~ios: gear-App@0.1.0
7 verbose lifecycle gear-App@0.1.0~ios: unsafe-perm in lifecycle true
8 verbose lifecycle gear-App@0.1.0~ios: PATH: /Users/ryanleon/.nvm/versions/node/v6.10.2/lib/node_modules/npm/node_modules/npm-lifecycle/node-gyp-bin:/Users/ryanleon/GitHub/ReactNative/GearMapp/node_modules/.bin:/Users/ryanleon/.nvm/versions/node/v6.10.2/bin:/Library/Frameworks/Python.framework/Versions/3.6/bin:/usr/local/bin:/usr/bin:/bin:/usr/sbin:/sbin:/Applications/Postgres.app/Contents/Versions/latest/bin:/Users/ryanleon/anaconda/bin:/Applications/Postgres.app/Contents/Versions/9.6/bin
9 verbose lifecycle gear-App@0.1.0~ios: CWD: /Users/ryanleon/GitHub/ReactNative/GearMapp
10 silly lifecycle gear-App@0.1.0~ios: Args: [ '-c', 'react-native-scripts ios' ]
11 silly lifecycle gear-App@0.1.0~ios: Returned: code: 1  signal: null
12 info lifecycle gear-App@0.1.0~ios: Failed to exec ios script
13 verbose stack Error: gear-App@0.1.0 ios: `react-native-scripts ios`
13 verbose stack Exit status 1
13 verbose stack     at EventEmitter.<anonymous> (/Users/ryanleon/.nvm/versions/node/v6.10.2/lib/node_modules/npm/node_modules/npm-lifecycle/index.js:283:16)
13 verbose stack     at emitTwo (events.js:106:13)
13 verbose stack     at EventEmitter.emit (events.js:191:7)
13 verbose stack     at ChildProcess.<anonymous> (/Users/ryanleon/.nvm/versions/node/v6.10.2/lib/node_modules/npm/node_modules/npm-lifecycle/lib/spawn.js:55:14)
13 verbose stack     at emitTwo (events.js:106:13)
13 verbose stack     at ChildProcess.emit (events.js:191:7)
13 verbose stack     at maybeClose (internal/child_process.js:886:16)
13 verbose stack     at Process.ChildProcess._handle.onexit (internal/child_process.js:226:5)
14 verbose pkgid gear-App@0.1.0
15 verbose cwd /Users/ryanleon/GitHub/ReactNative/GearMapp
16 verbose Darwin 17.4.0
17 verbose argv "/Users/ryanleon/.nvm/versions/node/v6.10.2/bin/node" "/Users/ryanleon/.nvm/versions/node/v6.10.2/bin/npm" "run" "ios"
18 verbose node v6.10.2
19 verbose npm  v6.0.0
20 error code ELIFECYCLE
21 error errno 1
22 error gear-App@0.1.0 ios: `react-native-scripts ios`
22 error Exit status 1
23 error Failed at the gear-App@0.1.0 ios script.
23 error This is probably not a problem with npm. There is likely additional logging output above.
24 verbose exit [ 1, true ]
